[0mGET / [36m304 [0m2209.234 ms - -[0m
[0mGET /favicon.ico [33m404 [0m23.750 ms - 150[0m
[0mGET /users/profile/5ed1950df8a6322e940d0834 [36m302 [0m22.918 ms - 72[0m
[0mGET /users/sign-in [32m200 [0m14.270 ms - 2095[0m
[0mGET /users/css/layout.css [33m404 [0m15.308 ms - 159[0m
[0mGET /users/css/header.css [33m404 [0m9.088 ms - 159[0m
[0mGET /users/css/footer.css [33m404 [0m2015.019 ms - 159[0m
[0mPOST /users/create-session [36m302 [0m28.772 ms - 72[0m
[0mGET /users/sign-in [32m200 [0m9.201 ms - 2387[0m
[0mGET /users/css/header.css [33m404 [0m8.258 ms - 159[0m
[0mGET /users/css/footer.css [33m404 [0m10.772 ms - 159[0m
[0mGET /users/css/layout.css [33m404 [0m10.526 ms - 159[0m
[0mPOST /users/create-session [36m302 [0m9.147 ms - 46[0m
[0mGET / [32m200 [0m76.088 ms - 8993[0m
[0mPOST /likes/toggle/?id=5ecbc00be2a78f2ef46dd2f1&type=Post [32m200 [0m60.260 ms - 58[0m
[0mPOST /likes/toggle/?id=5ecbc00be2a78f2ef46dd2f1&type=Post [32m200 [0m23.396 ms - 57[0m
[0mPOST /likes/toggle/?id=5ecbc00be2a78f2ef46dd2f1&type=Post [32m200 [0m24.694 ms - 58[0m
[0mPOST /likes/toggle/?id=5ecbc00be2a78f2ef46dd2f1&type=Post [32m200 [0m22.509 ms - 57[0m
[0mPOST /likes/toggle/?id=5ecbc00be2a78f2ef46dd2f1&type=Post [32m200 [0m32.937 ms - 58[0m
[0mPOST /likes/toggle/?id=5eaf096031ca2633e414d726&type=Post [32m200 [0m30.736 ms - 58[0m
[0mPOST /likes/toggle/?id=5eaf096031ca2633e414d726&type=Post [32m200 [0m26.785 ms - 57[0m
[0mPOST /likes/toggle/?id=5eaf096031ca2633e414d726&type=Post [32m200 [0m35.848 ms - 58[0m
[0mPOST /likes/toggle/?id=5eca4c40cfaadc2884960013&type=Comment [32m200 [0m28.657 ms - 57[0m
[0mPOST /likes/toggle/?id=5eca4c40cfaadc2884960013&type=Comment [32m200 [0m30.875 ms - 58[0m
[0mPOST /likes/toggle/?id=5eca4c40cfaadc2884960013&type=Comment [32m200 [0m22.021 ms - 57[0m
[0mPOST /likes/toggle/?id=5ecbc006e2a78f2ef46dd2f0&type=Comment [32m200 [0m26.158 ms - 58[0m
[0mPOST /likes/toggle/?id=5ecbc006e2a78f2ef46dd2f0&type=Comment [32m200 [0m25.921 ms - 57[0m
[0mPOST /likes/toggle/?id=5ecbc006e2a78f2ef46dd2f0&type=Comment [32m200 [0m20.278 ms - 58[0m
[0mGET /users/sign-out [36m302 [0m13.251 ms - 46[0m
[0mGET / [32m200 [0m67.337 ms - 6404[0m
[0mGET /users/profile/5e96d352cbdae02e783d9b71 [36m302 [0m6.879 ms - 72[0m
[0mGET /users/sign-in [32m200 [0m13.921 ms - 2095[0m
[0mGET /users/css/layout.css [33m404 [0m5.064 ms - 159[0m
[0mGET /users/css/header.css [33m404 [0m7.754 ms - 159[0m
[0mGET /users/css/footer.css [33m404 [0m8.209 ms - 159[0m
[0mGET /users/auth/google [36m302 [0m7.720 ms - 0[0m
[0mGET /users/sign-in [36m304 [0m42.455 ms - -[0m
[0mGET /users/css/layout.css [33m404 [0m17.235 ms - 159[0m
[0mGET /users/css/footer.css [33m404 [0m2016.399 ms - 159[0m
[0mGET /users/css/header.css [33m404 [0m2021.776 ms - 159[0m
[0mGET /users/css/layout.css [33m404 [0m3929.848 ms - 159[0m
[0mGET /users/auth/google [36m302 [0m19.367 ms - 0[0m
[0mGET /users/auth/google/callback?code=4%2F0QHrLd-SNT7nFHVI3vPUHovgPE_cwfL4EAtTlkodfzZGb2uVwT7qcyabdF4kM2c_6eP2rpXtKRBRJLYhGtNosY8&scope=email+profile+https%3A%2F%2Fwww.googleapis.com%2Fauth%2Fuserinfo.profile+https%3A%2F%2Fwww.googleapis.com%2Fauth%2Fuserinfo.email+openid&authuser=2&prompt=consent [36m302 [0m755.547 ms - 46[0m
[0mGET / [32m200 [0m72.518 ms - 9000[0m
[0mGET /users/profile [33m404 [0m15.715 ms - 152[0m
[0mPOST /comments/create [32m200 [0m34.743 ms - 330[0m
[0mPOST /comments/create [32m200 [0m28.240 ms - 331[0m
[0mPOST /posts/create [36m302 [0m1.674 ms - 36[0m
[0mGET /users/sign-in [36m304 [0m8.914 ms - -[0m
[0mPOST /posts/create [36m302 [0m2.936 ms - 36[0m
[0mGET /users/sign-in [36m304 [0m7.713 ms - -[0m
[0mPOST /posts/create [36m302 [0m2.849 ms - 36[0m
[0mGET /users/sign-in [36m304 [0m6.192 ms - -[0m
[0mPOST /posts/create [36m302 [0m2.775 ms - 36[0m
[0mGET /users/sign-in [36m304 [0m4.379 ms - -[0m
[0mPOST /posts/create [36m302 [0m4.184 ms - 36[0m
[0mGET /users/sign-in [36m304 [0m4.979 ms - -[0m
[0mPOST /posts/create [36m302 [0m2.823 ms - 36[0m
[0mGET /users/sign-in [36m304 [0m5.729 ms - -[0m
[0mPOST /posts/create [36m302 [0m2.647 ms - 36[0m
[0mGET /users/sign-in [36m304 [0m6.048 ms - -[0m
[0mPOST /comments/create [36m302 [0m2.563 ms - 36[0m
[0mGET /users/sign-in [36m304 [0m5.191 ms - -[0m
[0mPOST /comments/create [36m302 [0m2.653 ms - 36[0m
[0mGET /users/sign-in [36m304 [0m7.293 ms - -[0m
[0mPOST /comments/create [36m302 [0m2.630 ms - 36[0m
[0mGET /users/sign-in [36m304 [0m5.977 ms - -[0m
[0mGET / [0m- [0m- ms - -[0m
[0mGET / [32m200 [0m2089.505 ms - 7394[0m
[0mGET /users/profile/5e96d352cbdae02e783d9b71 [36m302 [0m5.306 ms - 72[0m
[0mGET /users/sign-in [36m304 [0m7.190 ms - -[0m
[0mGET /users/css/layout.css [33m404 [0m4.223 ms - 159[0m
[0mGET /users/css/header.css [33m404 [0m4.338 ms - 159[0m
[0mGET /users/css/footer.css [33m404 [0m4.319 ms - 159[0m
[0mPOST /users/create-session [36m302 [0m8.779 ms - 46[0m
[0mGET / [32m200 [0m53.841 ms - 10596[0m
[0mPOST /posts/create [32m200 [0m12.671 ms - 272[0m
[0mGET /posts/destroy/5ed3435730892d2394536a55 [32m200 [0m21.613 ms - 72[0m
[0mPOST /comments/create [32m200 [0m16.526 ms - 326[0m
[0mPOST /likes/toggle/?id=5ed3435c30892d2394536a56&type=Comment [32m200 [0m17.289 ms - 58[0m
[0mPOST /posts/create [32m200 [0m9.736 ms - 272[0m
[0mGET /posts/destroy/5ed345cc30892d2394536a59 [32m200 [0m17.246 ms - 72[0m
[0mGET /users/sign-out [36m302 [0m7.667 ms - 46[0m
[0mGET / [32m200 [0m52.798 ms - 8250[0m
